Time resolution is 1 ps
Note: T=5ns | Reset='1' Enable='0' | Inputs: Bot1_i='0' Bot2_i='0' Bot3_i='0' movei_i='0' movei_2_i='0' movei_3_i='0' in1='0' ini='0' outi='0' ini_2='0' outi_2='0' ini_3='0' outi_3='0' | Outputs: Bot1='0' Bot2='0' Bot3='0' movei='0' movei_2='0' movei_3='0' in1_o='0' ini_o='0' outi_o='0' ini_2_o='0' outi_2_o='0' ini_3_o='0' outi_3_o='0'
Time: 5 ns  Iteration: 1  Process: /tb_CSR_Lab3_Part4/monitor_proc  File: C:/Users/Renedito/Documents/Faculdade/5 ano/CSR/CSR - Lab3 - Part42/CSR - Lab3 - Part42.srcs/sim_1/new/sim.vhd
Note: T=15ns | Reset='1' Enable='0' | Inputs: Bot1_i='0' Bot2_i='0' Bot3_i='0' movei_i='0' movei_2_i='0' movei_3_i='0' in1='0' ini='0' outi='0' ini_2='0' outi_2='0' ini_3='0' outi_3='0' | Outputs: Bot1='0' Bot2='0' Bot3='0' movei='0' movei_2='0' movei_3='0' in1_o='0' ini_o='0' outi_o='0' ini_2_o='0' outi_2_o='0' ini_3_o='0' outi_3_o='0'
Time: 15 ns  Iteration: 1  Process: /tb_CSR_Lab3_Part4/monitor_proc  File: C:/Users/Renedito/Documents/Faculdade/5 ano/CSR/CSR - Lab3 - Part42/CSR - Lab3 - Part42.srcs/sim_1/new/sim.vhd
Note: T=25ns | Reset='1' Enable='0' | Inputs: Bot1_i='0' Bot2_i='0' Bot3_i='0' movei_i='0' movei_2_i='0' movei_3_i='0' in1='0' ini='0' outi='0' ini_2='0' outi_2='0' ini_3='0' outi_3='0' | Outputs: Bot1='0' Bot2='0' Bot3='0' movei='0' movei_2='0' movei_3='0' in1_o='0' ini_o='0' outi_o='0' ini_2_o='0' outi_2_o='0' ini_3_o='0' outi_3_o='0'
Time: 25 ns  Iteration: 1  Process: /tb_CSR_Lab3_Part4/monitor_proc  File: C:/Users/Renedito/Documents/Faculdade/5 ano/CSR/CSR - Lab3 - Part42/CSR - Lab3 - Part42.srcs/sim_1/new/sim.vhd
Note: T=35ns | Reset='1' Enable='0' | Inputs: Bot1_i='0' Bot2_i='0' Bot3_i='0' movei_i='0' movei_2_i='0' movei_3_i='0' in1='0' ini='0' outi='0' ini_2='0' outi_2='0' ini_3='0' outi_3='0' | Outputs: Bot1='0' Bot2='0' Bot3='0' movei='0' movei_2='0' movei_3='0' in1_o='0' ini_o='0' outi_o='0' ini_2_o='0' outi_2_o='0' ini_3_o='0' outi_3_o='0'
Time: 35 ns  Iteration: 1  Process: /tb_CSR_Lab3_Part4/monitor_proc  File: C:/Users/Renedito/Documents/Faculdade/5 ano/CSR/CSR - Lab3 - Part42/CSR - Lab3 - Part42.srcs/sim_1/new/sim.vhd
Note: T=45ns | Reset='0' Enable='1' | Inputs: Bot1_i='0' Bot2_i='0' Bot3_i='0' movei_i='0' movei_2_i='0' movei_3_i='0' in1='0' ini='0' outi='0' ini_2='0' outi_2='0' ini_3='0' outi_3='0' | Outputs: Bot1='0' Bot2='0' Bot3='0' movei='0' movei_2='0' movei_3='0' in1_o='0' ini_o='0' outi_o='0' ini_2_o='0' outi_2_o='0' ini_3_o='0' outi_3_o='0'
Time: 45 ns  Iteration: 1  Process: /tb_CSR_Lab3_Part4/monitor_proc  File: C:/Users/Renedito/Documents/Faculdade/5 ano/CSR/CSR - Lab3 - Part42/CSR - Lab3 - Part42.srcs/sim_1/new/sim.vhd
Note: T=55ns | Reset='0' Enable='1' | Inputs: Bot1_i='0' Bot2_i='0' Bot3_i='0' movei_i='0' movei_2_i='0' movei_3_i='0' in1='0' ini='0' outi='0' ini_2='0' outi_2='0' ini_3='0' outi_3='0' | Outputs: Bot1='0' Bot2='0' Bot3='0' movei='0' movei_2='0' movei_3='0' in1_o='0' ini_o='0' outi_o='0' ini_2_o='0' outi_2_o='0' ini_3_o='0' outi_3_o='0'
Time: 55 ns  Iteration: 1  Process: /tb_CSR_Lab3_Part4/monitor_proc  File: C:/Users/Renedito/Documents/Faculdade/5 ano/CSR/CSR - Lab3 - Part42/CSR - Lab3 - Part42.srcs/sim_1/new/sim.vhd
Note: T=65ns | Reset='0' Enable='1' | Inputs: Bot1_i='1' Bot2_i='0' Bot3_i='0' movei_i='0' movei_2_i='0' movei_3_i='0' in1='0' ini='0' outi='0' ini_2='0' outi_2='0' ini_3='0' outi_3='0' | Outputs: Bot1='0' Bot2='0' Bot3='0' movei='0' movei_2='0' movei_3='0' in1_o='0' ini_o='0' outi_o='0' ini_2_o='0' outi_2_o='0' ini_3_o='0' outi_3_o='0'
Time: 65 ns  Iteration: 1  Process: /tb_CSR_Lab3_Part4/monitor_proc  File: C:/Users/Renedito/Documents/Faculdade/5 ano/CSR/CSR - Lab3 - Part42/CSR - Lab3 - Part42.srcs/sim_1/new/sim.vhd
Note: T=75ns | Reset='0' Enable='1' | Inputs: Bot1_i='0' Bot2_i='0' Bot3_i='0' movei_i='0' movei_2_i='0' movei_3_i='0' in1='0' ini='0' outi='0' ini_2='0' outi_2='0' ini_3='0' outi_3='0' | Outputs: Bot1='0' Bot2='0' Bot3='0' movei='0' movei_2='0' movei_3='0' in1_o='0' ini_o='0' outi_o='0' ini_2_o='0' outi_2_o='0' ini_3_o='0' outi_3_o='0'
Time: 75 ns  Iteration: 1  Process: /tb_CSR_Lab3_Part4/monitor_proc  File: C:/Users/Renedito/Documents/Faculdade/5 ano/CSR/CSR - Lab3 - Part42/CSR - Lab3 - Part42.srcs/sim_1/new/sim.vhd
Note: T=85ns | Reset='0' Enable='1' | Inputs: Bot1_i='1' Bot2_i='0' Bot3_i='0' movei_i='0' movei_2_i='0' movei_3_i='0' in1='0' ini='0' outi='0' ini_2='0' outi_2='0' ini_3='0' outi_3='0' | Outputs: Bot1='1' Bot2='0' Bot3='0' movei='0' movei_2='0' movei_3='0' in1_o='0' ini_o='0' outi_o='0' ini_2_o='0' outi_2_o='0' ini_3_o='0' outi_3_o='0'
Time: 85 ns  Iteration: 1  Process: /tb_CSR_Lab3_Part4/monitor_proc  File: C:/Users/Renedito/Documents/Faculdade/5 ano/CSR/CSR - Lab3 - Part42/CSR - Lab3 - Part42.srcs/sim_1/new/sim.vhd
Note: T=95ns | Reset='0' Enable='1' | Inputs: Bot1_i='0' Bot2_i='0' Bot3_i='0' movei_i='0' movei_2_i='0' movei_3_i='0' in1='0' ini='0' outi='0' ini_2='0' outi_2='0' ini_3='0' outi_3='0' | Outputs: Bot1='0' Bot2='0' Bot3='0' movei='0' movei_2='0' movei_3='0' in1_o='0' ini_o='0' outi_o='0' ini_2_o='0' outi_2_o='0' ini_3_o='0' outi_3_o='0'
Time: 95 ns  Iteration: 1  Process: /tb_CSR_Lab3_Part4/monitor_proc  File: C:/Users/Renedito/Documents/Faculdade/5 ano/CSR/CSR - Lab3 - Part42/CSR - Lab3 - Part42.srcs/sim_1/new/sim.vhd
Note: T=105ns | Reset='0' Enable='1' | Inputs: Bot1_i='0' Bot2_i='1' Bot3_i='0' movei_i='0' movei_2_i='0' movei_3_i='0' in1='0' ini='0' outi='0' ini_2='0' outi_2='0' ini_3='0' outi_3='0' | Outputs: Bot1='1' Bot2='0' Bot3='0' movei='0' movei_2='0' movei_3='0' in1_o='0' ini_o='0' outi_o='0' ini_2_o='0' outi_2_o='0' ini_3_o='0' outi_3_o='0'
Time: 105 ns  Iteration: 1  Process: /tb_CSR_Lab3_Part4/monitor_proc  File: C:/Users/Renedito/Documents/Faculdade/5 ano/CSR/CSR - Lab3 - Part42/CSR - Lab3 - Part42.srcs/sim_1/new/sim.vhd
Note: T=115ns | Reset='0' Enable='1' | Inputs: Bot1_i='0' Bot2_i='0' Bot3_i='0' movei_i='0' movei_2_i='0' movei_3_i='0' in1='0' ini='0' outi='0' ini_2='0' outi_2='0' ini_3='0' outi_3='0' | Outputs: Bot1='0' Bot2='0' Bot3='0' movei='0' movei_2='0' movei_3='0' in1_o='0' ini_o='0' outi_o='0' ini_2_o='0' outi_2_o='0' ini_3_o='0' outi_3_o='0'
Time: 115 ns  Iteration: 1  Process: /tb_CSR_Lab3_Part4/monitor_proc  File: C:/Users/Renedito/Documents/Faculdade/5 ano/CSR/CSR - Lab3 - Part42/CSR - Lab3 - Part42.srcs/sim_1/new/sim.vhd
Note: T=125ns | Reset='0' Enable='1' | Inputs: Bot1_i='0' Bot2_i='0' Bot3_i='1' movei_i='0' movei_2_i='0' movei_3_i='0' in1='0' ini='0' outi='0' ini_2='0' outi_2='0' ini_3='0' outi_3='0' | Outputs: Bot1='0' Bot2='1' Bot3='0' movei='0' movei_2='0' movei_3='0' in1_o='0' ini_o='0' outi_o='0' ini_2_o='0' outi_2_o='0' ini_3_o='0' outi_3_o='0'
Time: 125 ns  Iteration: 1  Process: /tb_CSR_Lab3_Part4/monitor_proc  File: C:/Users/Renedito/Documents/Faculdade/5 ano/CSR/CSR - Lab3 - Part42/CSR - Lab3 - Part42.srcs/sim_1/new/sim.vhd
Note: T=135ns | Reset='0' Enable='1' | Inputs: Bot1_i='0' Bot2_i='0' Bot3_i='0' movei_i='0' movei_2_i='0' movei_3_i='0' in1='0' ini='0' outi='0' ini_2='0' outi_2='0' ini_3='0' outi_3='0' | Outputs: Bot1='0' Bot2='0' Bot3='0' movei='0' movei_2='0' movei_3='0' in1_o='0' ini_o='0' outi_o='0' ini_2_o='0' outi_2_o='0' ini_3_o='0' outi_3_o='0'
Time: 135 ns  Iteration: 1  Process: /tb_CSR_Lab3_Part4/monitor_proc  File: C:/Users/Renedito/Documents/Faculdade/5 ano/CSR/CSR - Lab3 - Part42/CSR - Lab3 - Part42.srcs/sim_1/new/sim.vhd
Note: T=145ns | Reset='0' Enable='1' | Inputs: Bot1_i='0' Bot2_i='0' Bot3_i='0' movei_i='1' movei_2_i='0' movei_3_i='0' in1='0' ini='0' outi='0' ini_2='0' outi_2='0' ini_3='0' outi_3='0' | Outputs: Bot1='0' Bot2='0' Bot3='1' movei='0' movei_2='0' movei_3='0' in1_o='0' ini_o='0' outi_o='0' ini_2_o='0' outi_2_o='0' ini_3_o='0' outi_3_o='0'
Time: 145 ns  Iteration: 1  Process: /tb_CSR_Lab3_Part4/monitor_proc  File: C:/Users/Renedito/Documents/Faculdade/5 ano/CSR/CSR - Lab3 - Part42/CSR - Lab3 - Part42.srcs/sim_1/new/sim.vhd
Note: T=155ns | Reset='0' Enable='1' | Inputs: Bot1_i='0' Bot2_i='0' Bot3_i='0' movei_i='0' movei_2_i='0' movei_3_i='0' in1='0' ini='0' outi='0' ini_2='0' outi_2='0' ini_3='0' outi_3='0' | Outputs: Bot1='0' Bot2='0' Bot3='0' movei='0' movei_2='0' movei_3='0' in1_o='0' ini_o='0' outi_o='0' ini_2_o='0' outi_2_o='0' ini_3_o='0' outi_3_o='0'
Time: 155 ns  Iteration: 1  Process: /tb_CSR_Lab3_Part4/monitor_proc  File: C:/Users/Renedito/Documents/Faculdade/5 ano/CSR/CSR - Lab3 - Part42/CSR - Lab3 - Part42.srcs/sim_1/new/sim.vhd
Note: T=165ns | Reset='0' Enable='1' | Inputs: Bot1_i='0' Bot2_i='0' Bot3_i='0' movei_i='0' movei_2_i='1' movei_3_i='0' in1='0' ini='0' outi='0' ini_2='0' outi_2='0' ini_3='0' outi_3='0' | Outputs: Bot1='0' Bot2='0' Bot3='0' movei='1' movei_2='0' movei_3='0' in1_o='0' ini_o='0' outi_o='0' ini_2_o='0' outi_2_o='0' ini_3_o='0' outi_3_o='0'
Time: 165 ns  Iteration: 1  Process: /tb_CSR_Lab3_Part4/monitor_proc  File: C:/Users/Renedito/Documents/Faculdade/5 ano/CSR/CSR - Lab3 - Part42/CSR - Lab3 - Part42.srcs/sim_1/new/sim.vhd
Note: T=175ns | Reset='0' Enable='1' | Inputs: Bot1_i='0' Bot2_i='0' Bot3_i='0' movei_i='0' movei_2_i='0' movei_3_i='0' in1='0' ini='0' outi='0' ini_2='0' outi_2='0' ini_3='0' outi_3='0' | Outputs: Bot1='0' Bot2='0' Bot3='0' movei='0' movei_2='0' movei_3='0' in1_o='0' ini_o='0' outi_o='0' ini_2_o='0' outi_2_o='0' ini_3_o='0' outi_3_o='0'
Time: 175 ns  Iteration: 1  Process: /tb_CSR_Lab3_Part4/monitor_proc  File: C:/Users/Renedito/Documents/Faculdade/5 ano/CSR/CSR - Lab3 - Part42/CSR - Lab3 - Part42.srcs/sim_1/new/sim.vhd
Note: T=185ns | Reset='0' Enable='1' | Inputs: Bot1_i='0' Bot2_i='0' Bot3_i='0' movei_i='0' movei_2_i='0' movei_3_i='1' in1='0' ini='0' outi='0' ini_2='0' outi_2='0' ini_3='0' outi_3='0' | Outputs: Bot1='0' Bot2='0' Bot3='0' movei='0' movei_2='1' movei_3='0' in1_o='0' ini_o='0' outi_o='0' ini_2_o='0' outi_2_o='0' ini_3_o='0' outi_3_o='0'
Time: 185 ns  Iteration: 1  Process: /tb_CSR_Lab3_Part4/monitor_proc  File: C:/Users/Renedito/Documents/Faculdade/5 ano/CSR/CSR - Lab3 - Part42/CSR - Lab3 - Part42.srcs/sim_1/new/sim.vhd
Note: T=195ns | Reset='0' Enable='1' | Inputs: Bot1_i='0' Bot2_i='0' Bot3_i='0' movei_i='0' movei_2_i='0' movei_3_i='0' in1='0' ini='0' outi='0' ini_2='0' outi_2='0' ini_3='0' outi_3='0' | Outputs: Bot1='0' Bot2='0' Bot3='0' movei='0' movei_2='0' movei_3='0' in1_o='0' ini_o='0' outi_o='0' ini_2_o='0' outi_2_o='0' ini_3_o='0' outi_3_o='0'
Time: 195 ns  Iteration: 1  Process: /tb_CSR_Lab3_Part4/monitor_proc  File: C:/Users/Renedito/Documents/Faculdade/5 ano/CSR/CSR - Lab3 - Part42/CSR - Lab3 - Part42.srcs/sim_1/new/sim.vhd
Note: T=205ns | Reset='0' Enable='1' | Inputs: Bot1_i='0' Bot2_i='0' Bot3_i='0' movei_i='0' movei_2_i='0' movei_3_i='0' in1='1' ini='0' outi='0' ini_2='0' outi_2='0' ini_3='0' outi_3='0' | Outputs: Bot1='0' Bot2='0' Bot3='0' movei='0' movei_2='0' movei_3='1' in1_o='0' ini_o='0' outi_o='0' ini_2_o='0' outi_2_o='0' ini_3_o='0' outi_3_o='0'
Time: 205 ns  Iteration: 1  Process: /tb_CSR_Lab3_Part4/monitor_proc  File: C:/Users/Renedito/Documents/Faculdade/5 ano/CSR/CSR - Lab3 - Part42/CSR - Lab3 - Part42.srcs/sim_1/new/sim.vhd
Note: T=215ns | Reset='0' Enable='1' | Inputs: Bot1_i='0' Bot2_i='0' Bot3_i='0' movei_i='0' movei_2_i='0' movei_3_i='0' in1='0' ini='0' outi='0' ini_2='0' outi_2='0' ini_3='0' outi_3='0' | Outputs: Bot1='0' Bot2='0' Bot3='0' movei='0' movei_2='0' movei_3='0' in1_o='0' ini_o='0' outi_o='0' ini_2_o='0' outi_2_o='0' ini_3_o='0' outi_3_o='0'
Time: 215 ns  Iteration: 1  Process: /tb_CSR_Lab3_Part4/monitor_proc  File: C:/Users/Renedito/Documents/Faculdade/5 ano/CSR/CSR - Lab3 - Part42/CSR - Lab3 - Part42.srcs/sim_1/new/sim.vhd
Note: T=225ns | Reset='0' Enable='1' | Inputs: Bot1_i='0' Bot2_i='0' Bot3_i='0' movei_i='0' movei_2_i='0' movei_3_i='0' in1='0' ini='1' outi='0' ini_2='0' outi_2='0' ini_3='0' outi_3='0' | Outputs: Bot1='0' Bot2='0' Bot3='0' movei='0' movei_2='0' movei_3='0' in1_o='1' ini_o='0' outi_o='0' ini_2_o='0' outi_2_o='0' ini_3_o='0' outi_3_o='0'
Time: 225 ns  Iteration: 1  Process: /tb_CSR_Lab3_Part4/monitor_proc  File: C:/Users/Renedito/Documents/Faculdade/5 ano/CSR/CSR - Lab3 - Part42/CSR - Lab3 - Part42.srcs/sim_1/new/sim.vhd
Note: T=235ns | Reset='0' Enable='1' | Inputs: Bot1_i='0' Bot2_i='0' Bot3_i='0' movei_i='0' movei_2_i='0' movei_3_i='0' in1='0' ini='0' outi='0' ini_2='0' outi_2='0' ini_3='0' outi_3='0' | Outputs: Bot1='0' Bot2='0' Bot3='0' movei='0' movei_2='0' movei_3='0' in1_o='0' ini_o='0' outi_o='0' ini_2_o='0' outi_2_o='0' ini_3_o='0' outi_3_o='0'
Time: 235 ns  Iteration: 1  Process: /tb_CSR_Lab3_Part4/monitor_proc  File: C:/Users/Renedito/Documents/Faculdade/5 ano/CSR/CSR - Lab3 - Part42/CSR - Lab3 - Part42.srcs/sim_1/new/sim.vhd
Note: T=245ns | Reset='0' Enable='1' | Inputs: Bot1_i='0' Bot2_i='0' Bot3_i='0' movei_i='0' movei_2_i='0' movei_3_i='0' in1='0' ini='0' outi='1' ini_2='0' outi_2='0' ini_3='0' outi_3='0' | Outputs: Bot1='0' Bot2='0' Bot3='0' movei='0' movei_2='0' movei_3='0' in1_o='0' ini_o='1' outi_o='0' ini_2_o='0' outi_2_o='0' ini_3_o='0' outi_3_o='0'
Time: 245 ns  Iteration: 1  Process: /tb_CSR_Lab3_Part4/monitor_proc  File: C:/Users/Renedito/Documents/Faculdade/5 ano/CSR/CSR - Lab3 - Part42/CSR - Lab3 - Part42.srcs/sim_1/new/sim.vhd
Note: T=255ns | Reset='0' Enable='1' | Inputs: Bot1_i='0' Bot2_i='0' Bot3_i='0' movei_i='0' movei_2_i='0' movei_3_i='0' in1='0' ini='0' outi='0' ini_2='0' outi_2='0' ini_3='0' outi_3='0' | Outputs: Bot1='0' Bot2='0' Bot3='0' movei='0' movei_2='0' movei_3='0' in1_o='0' ini_o='0' outi_o='0' ini_2_o='0' outi_2_o='0' ini_3_o='0' outi_3_o='0'
Time: 255 ns  Iteration: 1  Process: /tb_CSR_Lab3_Part4/monitor_proc  File: C:/Users/Renedito/Documents/Faculdade/5 ano/CSR/CSR - Lab3 - Part42/CSR - Lab3 - Part42.srcs/sim_1/new/sim.vhd
Note: T=265ns | Reset='0' Enable='1' | Inputs: Bot1_i='0' Bot2_i='0' Bot3_i='0' movei_i='0' movei_2_i='0' movei_3_i='0' in1='0' ini='0' outi='0' ini_2='1' outi_2='0' ini_3='0' outi_3='0' | Outputs: Bot1='0' Bot2='0' Bot3='0' movei='0' movei_2='0' movei_3='0' in1_o='0' ini_o='0' outi_o='1' ini_2_o='0' outi_2_o='0' ini_3_o='0' outi_3_o='0'
Time: 265 ns  Iteration: 1  Process: /tb_CSR_Lab3_Part4/monitor_proc  File: C:/Users/Renedito/Documents/Faculdade/5 ano/CSR/CSR - Lab3 - Part42/CSR - Lab3 - Part42.srcs/sim_1/new/sim.vhd
Note: T=275ns | Reset='0' Enable='1' | Inputs: Bot1_i='0' Bot2_i='0' Bot3_i='0' movei_i='0' movei_2_i='0' movei_3_i='0' in1='0' ini='0' outi='0' ini_2='0' outi_2='0' ini_3='0' outi_3='0' | Outputs: Bot1='0' Bot2='0' Bot3='0' movei='0' movei_2='0' movei_3='0' in1_o='0' ini_o='0' outi_o='0' ini_2_o='0' outi_2_o='0' ini_3_o='0' outi_3_o='0'
Time: 275 ns  Iteration: 1  Process: /tb_CSR_Lab3_Part4/monitor_proc  File: C:/Users/Renedito/Documents/Faculdade/5 ano/CSR/CSR - Lab3 - Part42/CSR - Lab3 - Part42.srcs/sim_1/new/sim.vhd
Note: T=285ns | Reset='0' Enable='1' | Inputs: Bot1_i='0' Bot2_i='0' Bot3_i='0' movei_i='0' movei_2_i='0' movei_3_i='0' in1='0' ini='0' outi='0' ini_2='0' outi_2='1' ini_3='0' outi_3='0' | Outputs: Bot1='0' Bot2='0' Bot3='0' movei='0' movei_2='0' movei_3='0' in1_o='0' ini_o='0' outi_o='0' ini_2_o='1' outi_2_o='0' ini_3_o='0' outi_3_o='0'
Time: 285 ns  Iteration: 1  Process: /tb_CSR_Lab3_Part4/monitor_proc  File: C:/Users/Renedito/Documents/Faculdade/5 ano/CSR/CSR - Lab3 - Part42/CSR - Lab3 - Part42.srcs/sim_1/new/sim.vhd
Note: T=295ns | Reset='0' Enable='1' | Inputs: Bot1_i='0' Bot2_i='0' Bot3_i='0' movei_i='0' movei_2_i='0' movei_3_i='0' in1='0' ini='0' outi='0' ini_2='0' outi_2='0' ini_3='0' outi_3='0' | Outputs: Bot1='0' Bot2='0' Bot3='0' movei='0' movei_2='0' movei_3='0' in1_o='0' ini_o='0' outi_o='0' ini_2_o='0' outi_2_o='0' ini_3_o='0' outi_3_o='0'
Time: 295 ns  Iteration: 1  Process: /tb_CSR_Lab3_Part4/monitor_proc  File: C:/Users/Renedito/Documents/Faculdade/5 ano/CSR/CSR - Lab3 - Part42/CSR - Lab3 - Part42.srcs/sim_1/new/sim.vhd
Note: T=305ns | Reset='0' Enable='1' | Inputs: Bot1_i='0' Bot2_i='0' Bot3_i='0' movei_i='0' movei_2_i='0' movei_3_i='0' in1='0' ini='0' outi='0' ini_2='0' outi_2='0' ini_3='1' outi_3='0' | Outputs: Bot1='0' Bot2='0' Bot3='0' movei='0' movei_2='0' movei_3='0' in1_o='0' ini_o='0' outi_o='0' ini_2_o='0' outi_2_o='1' ini_3_o='0' outi_3_o='0'
Time: 305 ns  Iteration: 1  Process: /tb_CSR_Lab3_Part4/monitor_proc  File: C:/Users/Renedito/Documents/Faculdade/5 ano/CSR/CSR - Lab3 - Part42/CSR - Lab3 - Part42.srcs/sim_1/new/sim.vhd
Note: T=315ns | Reset='0' Enable='1' | Inputs: Bot1_i='0' Bot2_i='0' Bot3_i='0' movei_i='0' movei_2_i='0' movei_3_i='0' in1='0' ini='0' outi='0' ini_2='0' outi_2='0' ini_3='0' outi_3='0' | Outputs: Bot1='0' Bot2='0' Bot3='0' movei='0' movei_2='0' movei_3='0' in1_o='0' ini_o='0' outi_o='0' ini_2_o='0' outi_2_o='0' ini_3_o='0' outi_3_o='0'
Time: 315 ns  Iteration: 1  Process: /tb_CSR_Lab3_Part4/monitor_proc  File: C:/Users/Renedito/Documents/Faculdade/5 ano/CSR/CSR - Lab3 - Part42/CSR - Lab3 - Part42.srcs/sim_1/new/sim.vhd
Note: T=325ns | Reset='0' Enable='1' | Inputs: Bot1_i='0' Bot2_i='0' Bot3_i='0' movei_i='0' movei_2_i='0' movei_3_i='0' in1='0' ini='0' outi='0' ini_2='0' outi_2='0' ini_3='0' outi_3='1' | Outputs: Bot1='0' Bot2='0' Bot3='0' movei='0' movei_2='0' movei_3='0' in1_o='0' ini_o='0' outi_o='0' ini_2_o='0' outi_2_o='0' ini_3_o='1' outi_3_o='0'
Time: 325 ns  Iteration: 1  Process: /tb_CSR_Lab3_Part4/monitor_proc  File: C:/Users/Renedito/Documents/Faculdade/5 ano/CSR/CSR - Lab3 - Part42/CSR - Lab3 - Part42.srcs/sim_1/new/sim.vhd
Note: T=335ns | Reset='0' Enable='1' | Inputs: Bot1_i='0' Bot2_i='0' Bot3_i='0' movei_i='0' movei_2_i='0' movei_3_i='0' in1='0' ini='0' outi='0' ini_2='0' outi_2='0' ini_3='0' outi_3='0' | Outputs: Bot1='0' Bot2='0' Bot3='0' movei='0' movei_2='0' movei_3='0' in1_o='0' ini_o='0' outi_o='0' ini_2_o='0' outi_2_o='0' ini_3_o='0' outi_3_o='0'
Time: 335 ns  Iteration: 1  Process: /tb_CSR_Lab3_Part4/monitor_proc  File: C:/Users/Renedito/Documents/Faculdade/5 ano/CSR/CSR - Lab3 - Part42/CSR - Lab3 - Part42.srcs/sim_1/new/sim.vhd
Note: T=345ns | Reset='0' Enable='1' | Inputs: Bot1_i='1' Bot2_i='1' Bot3_i='0' movei_i='1' movei_2_i='0' movei_3_i='0' in1='0' ini='0' outi='0' ini_2='0' outi_2='0' ini_3='0' outi_3='0' | Outputs: Bot1='0' Bot2='0' Bot3='0' movei='0' movei_2='0' movei_3='0' in1_o='0' ini_o='0' outi_o='0' ini_2_o='0' outi_2_o='0' ini_3_o='0' outi_3_o='1'
Time: 345 ns  Iteration: 1  Process: /tb_CSR_Lab3_Part4/monitor_proc  File: C:/Users/Renedito/Documents/Faculdade/5 ano/CSR/CSR - Lab3 - Part42/CSR - Lab3 - Part42.srcs/sim_1/new/sim.vhd
Note: T=355ns | Reset='0' Enable='1' | Inputs: Bot1_i='0' Bot2_i='0' Bot3_i='0' movei_i='0' movei_2_i='0' movei_3_i='0' in1='0' ini='0' outi='0' ini_2='0' outi_2='0' ini_3='0' outi_3='0' | Outputs: Bot1='0' Bot2='0' Bot3='0' movei='0' movei_2='0' movei_3='0' in1_o='0' ini_o='0' outi_o='0' ini_2_o='0' outi_2_o='0' ini_3_o='0' outi_3_o='0'
Time: 355 ns  Iteration: 1  Process: /tb_CSR_Lab3_Part4/monitor_proc  File: C:/Users/Renedito/Documents/Faculdade/5 ano/CSR/CSR - Lab3 - Part42/CSR - Lab3 - Part42.srcs/sim_1/new/sim.vhd
Note: T=365ns | Reset='0' Enable='1' | Inputs: Bot1_i='0' Bot2_i='0' Bot3_i='0' movei_i='0' movei_2_i='0' movei_3_i='0' in1='0' ini='0' outi='0' ini_2='0' outi_2='0' ini_3='0' outi_3='0' | Outputs: Bot1='1' Bot2='1' Bot3='0' movei='1' movei_2='0' movei_3='0' in1_o='0' ini_o='0' outi_o='0' ini_2_o='0' outi_2_o='0' ini_3_o='0' outi_3_o='0'
Time: 365 ns  Iteration: 1  Process: /tb_CSR_Lab3_Part4/monitor_proc  File: C:/Users/Renedito/Documents/Faculdade/5 ano/CSR/CSR - Lab3 - Part42/CSR - Lab3 - Part42.srcs/sim_1/new/sim.vhd
Note: T=375ns | Reset='0' Enable='1' | Inputs: Bot1_i='0' Bot2_i='0' Bot3_i='0' movei_i='0' movei_2_i='0' movei_3_i='0' in1='0' ini='0' outi='0' ini_2='0' outi_2='0' ini_3='0' outi_3='0' | Outputs: Bot1='0' Bot2='0' Bot3='0' movei='0' movei_2='0' movei_3='0' in1_o='0' ini_o='0' outi_o='0' ini_2_o='0' outi_2_o='0' ini_3_o='0' outi_3_o='0'
Time: 375 ns  Iteration: 1  Process: /tb_CSR_Lab3_Part4/monitor_proc  File: C:/Users/Renedito/Documents/Faculdade/5 ano/CSR/CSR - Lab3 - Part42/CSR - Lab3 - Part42.srcs/sim_1/new/sim.vhd
Note: T=385ns | Reset='0' Enable='1' | Inputs: Bot1_i='0' Bot2_i='0' Bot3_i='0' movei_i='0' movei_2_i='0' movei_3_i='0' in1='0' ini='0' outi='0' ini_2='0' outi_2='0' ini_3='0' outi_3='0' | Outputs: Bot1='0' Bot2='0' Bot3='0' movei='0' movei_2='0' movei_3='0' in1_o='0' ini_o='0' outi_o='0' ini_2_o='0' outi_2_o='0' ini_3_o='0' outi_3_o='0'
Time: 385 ns  Iteration: 1  Process: /tb_CSR_Lab3_Part4/monitor_proc  File: C:/Users/Renedito/Documents/Faculdade/5 ano/CSR/CSR - Lab3 - Part42/CSR - Lab3 - Part42.srcs/sim_1/new/sim.vhd
Note: T=395ns | Reset='0' Enable='1' | Inputs: Bot1_i='0' Bot2_i='0' Bot3_i='0' movei_i='0' movei_2_i='0' movei_3_i='0' in1='0' ini='0' outi='0' ini_2='0' outi_2='0' ini_3='0' outi_3='0' | Outputs: Bot1='0' Bot2='0' Bot3='0' movei='0' movei_2='0' movei_3='0' in1_o='0' ini_o='0' outi_o='0' ini_2_o='0' outi_2_o='0' ini_3_o='0' outi_3_o='0'
Time: 395 ns  Iteration: 1  Process: /tb_CSR_Lab3_Part4/monitor_proc  File: C:/Users/Renedito/Documents/Faculdade/5 ano/CSR/CSR - Lab3 - Part42/CSR - Lab3 - Part42.srcs/sim_1/new/sim.vhd
Note: T=405ns | Reset='0' Enable='1' | Inputs: Bot1_i='0' Bot2_i='0' Bot3_i='0' movei_i='0' movei_2_i='0' movei_3_i='0' in1='0' ini='0' outi='0' ini_2='0' outi_2='0' ini_3='0' outi_3='0' | Outputs: Bot1='0' Bot2='0' Bot3='0' movei='0' movei_2='0' movei_3='0' in1_o='0' ini_o='0' outi_o='0' ini_2_o='0' outi_2_o='0' ini_3_o='0' outi_3_o='0'
Time: 405 ns  Iteration: 1  Process: /tb_CSR_Lab3_Part4/monitor_proc  File: C:/Users/Renedito/Documents/Faculdade/5 ano/CSR/CSR - Lab3 - Part42/CSR - Lab3 - Part42.srcs/sim_1/new/sim.vhd
Note: T=415ns | Reset='0' Enable='1' | Inputs: Bot1_i='0' Bot2_i='0' Bot3_i='0' movei_i='0' movei_2_i='0' movei_3_i='0' in1='0' ini='0' outi='0' ini_2='0' outi_2='0' ini_3='0' outi_3='0' | Outputs: Bot1='0' Bot2='0' Bot3='0' movei='0' movei_2='0' movei_3='0' in1_o='0' ini_o='0' outi_o='0' ini_2_o='0' outi_2_o='0' ini_3_o='0' outi_3_o='0'
Time: 415 ns  Iteration: 1  Process: /tb_CSR_Lab3_Part4/monitor_proc  File: C:/Users/Renedito/Documents/Faculdade/5 ano/CSR/CSR - Lab3 - Part42/CSR - Lab3 - Part42.srcs/sim_1/new/sim.vhd
Note: T=425ns | Reset='0' Enable='1' | Inputs: Bot1_i='0' Bot2_i='0' Bot3_i='0' movei_i='0' movei_2_i='0' movei_3_i='0' in1='0' ini='0' outi='0' ini_2='0' outi_2='0' ini_3='0' outi_3='0' | Outputs: Bot1='0' Bot2='0' Bot3='0' movei='0' movei_2='0' movei_3='0' in1_o='0' ini_o='0' outi_o='0' ini_2_o='0' outi_2_o='0' ini_3_o='0' outi_3_o='0'
Time: 425 ns  Iteration: 1  Process: /tb_CSR_Lab3_Part4/monitor_proc  File: C:/Users/Renedito/Documents/Faculdade/5 ano/CSR/CSR - Lab3 - Part42/CSR - Lab3 - Part42.srcs/sim_1/new/sim.vhd
Note: T=435ns | Reset='0' Enable='1' | Inputs: Bot1_i='0' Bot2_i='0' Bot3_i='0' movei_i='0' movei_2_i='0' movei_3_i='0' in1='0' ini='0' outi='0' ini_2='0' outi_2='0' ini_3='0' outi_3='0' | Outputs: Bot1='0' Bot2='0' Bot3='0' movei='0' movei_2='0' movei_3='0' in1_o='0' ini_o='0' outi_o='0' ini_2_o='0' outi_2_o='0' ini_3_o='0' outi_3_o='0'
Time: 435 ns  Iteration: 1  Process: /tb_CSR_Lab3_Part4/monitor_proc  File: C:/Users/Renedito/Documents/Faculdade/5 ano/CSR/CSR - Lab3 - Part42/CSR - Lab3 - Part42.srcs/sim_1/new/sim.vhd
Note: T=445ns | Reset='0' Enable='1' | Inputs: Bot1_i='0' Bot2_i='0' Bot3_i='0' movei_i='0' movei_2_i='0' movei_3_i='0' in1='0' ini='0' outi='0' ini_2='0' outi_2='0' ini_3='0' outi_3='0' | Outputs: Bot1='0' Bot2='0' Bot3='0' movei='0' movei_2='0' movei_3='0' in1_o='0' ini_o='0' outi_o='0' ini_2_o='0' outi_2_o='0' ini_3_o='0' outi_3_o='0'
Time: 445 ns  Iteration: 1  Process: /tb_CSR_Lab3_Part4/monitor_proc  File: C:/Users/Renedito/Documents/Faculdade/5 ano/CSR/CSR - Lab3 - Part42/CSR - Lab3 - Part42.srcs/sim_1/new/sim.vhd
Note: End of testbench stimulus - stopping simulation.
Time: 455 ns  Iteration: 0  Process: /tb_CSR_Lab3_Part4/stim_proc  File: C:/Users/Renedito/Documents/Faculdade/5 ano/CSR/CSR - Lab3 - Part42/CSR - Lab3 - Part42.srcs/sim_1/new/sim.vhd
Note: T=455ns | Reset='0' Enable='1' | Inputs: Bot1_i='0' Bot2_i='0' Bot3_i='0' movei_i='0' movei_2_i='0' movei_3_i='0' in1='0' ini='0' outi='0' ini_2='0' outi_2='0' ini_3='0' outi_3='0' | Outputs: Bot1='0' Bot2='0' Bot3='0' movei='0' movei_2='0' movei_3='0' in1_o='0' ini_o='0' outi_o='0' ini_2_o='0' outi_2_o='0' ini_3_o='0' outi_3_o='0'
Time: 455 ns  Iteration: 1  Process: /tb_CSR_Lab3_Part4/monitor_proc  File: C:/Users/Renedito/Documents/Faculdade/5 ano/CSR/CSR - Lab3 - Part42/CSR - Lab3 - Part42.srcs/sim_1/new/sim.vhd
Note: T=465ns | Reset='0' Enable='1' | Inputs: Bot1_i='0' Bot2_i='0' Bot3_i='0' movei_i='0' movei_2_i='0' movei_3_i='0' in1='0' ini='0' outi='0' ini_2='0' outi_2='0' ini_3='0' outi_3='0' | Outputs: Bot1='0' Bot2='0' Bot3='0' movei='0' movei_2='0' movei_3='0' in1_o='0' ini_o='0' outi_o='0' ini_2_o='0' outi_2_o='0' ini_3_o='0' outi_3_o='0'
Time: 465 ns  Iteration: 1  Process: /tb_CSR_Lab3_Part4/monitor_proc  File: C:/Users/Renedito/Documents/Faculdade/5 ano/CSR/CSR - Lab3 - Part42/CSR - Lab3 - Part42.srcs/sim_1/new/sim.vhd
Note: T=475ns | Reset='0' Enable='1' | Inputs: Bot1_i='0' Bot2_i='0' Bot3_i='0' movei_i='0' movei_2_i='0' movei_3_i='0' in1='0' ini='0' outi='0' ini_2='0' outi_2='0' ini_3='0' outi_3='0' | Outputs: Bot1='0' Bot2='0' Bot3='0' movei='0' movei_2='0' movei_3='0' in1_o='0' ini_o='0' outi_o='0' ini_2_o='0' outi_2_o='0' ini_3_o='0' outi_3_o='0'
Time: 475 ns  Iteration: 1  Process: /tb_CSR_Lab3_Part4/monitor_proc  File: C:/Users/Renedito/Documents/Faculdade/5 ano/CSR/CSR - Lab3 - Part42/CSR - Lab3 - Part42.srcs/sim_1/new/sim.vhd
Note: T=485ns | Reset='0' Enable='1' | Inputs: Bot1_i='0' Bot2_i='0' Bot3_i='0' movei_i='0' movei_2_i='0' movei_3_i='0' in1='0' ini='0' outi='0' ini_2='0' outi_2='0' ini_3='0' outi_3='0' | Outputs: Bot1='0' Bot2='0' Bot3='0' movei='0' movei_2='0' movei_3='0' in1_o='0' ini_o='0' outi_o='0' ini_2_o='0' outi_2_o='0' ini_3_o='0' outi_3_o='0'
Time: 485 ns  Iteration: 1  Process: /tb_CSR_Lab3_Part4/monitor_proc  File: C:/Users/Renedito/Documents/Faculdade/5 ano/CSR/CSR - Lab3 - Part42/CSR - Lab3 - Part42.srcs/sim_1/new/sim.vhd
Note: T=495ns | Reset='0' Enable='1' | Inputs: Bot1_i='0' Bot2_i='0' Bot3_i='0' movei_i='0' movei_2_i='0' movei_3_i='0' in1='0' ini='0' outi='0' ini_2='0' outi_2='0' ini_3='0' outi_3='0' | Outputs: Bot1='0' Bot2='0' Bot3='0' movei='0' movei_2='0' movei_3='0' in1_o='0' ini_o='0' outi_o='0' ini_2_o='0' outi_2_o='0' ini_3_o='0' outi_3_o='0'
Time: 495 ns  Iteration: 1  Process: /tb_CSR_Lab3_Part4/monitor_proc  File: C:/Users/Renedito/Documents/Faculdade/5 ano/CSR/CSR - Lab3 - Part42/CSR - Lab3 - Part42.srcs/sim_1/new/sim.vhd
Note: T=505ns | Reset='0' Enable='1' | Inputs: Bot1_i='0' Bot2_i='0' Bot3_i='0' movei_i='0' movei_2_i='0' movei_3_i='0' in1='0' ini='0' outi='0' ini_2='0' outi_2='0' ini_3='0' outi_3='0' | Outputs: Bot1='0' Bot2='0' Bot3='0' movei='0' movei_2='0' movei_3='0' in1_o='0' ini_o='0' outi_o='0' ini_2_o='0' outi_2_o='0' ini_3_o='0' outi_3_o='0'
Time: 505 ns  Iteration: 1  Process: /tb_CSR_Lab3_Part4/monitor_proc  File: C:/Users/Renedito/Documents/Faculdade/5 ano/CSR/CSR - Lab3 - Part42/CSR - Lab3 - Part42.srcs/sim_1/new/sim.vhd
Note: T=515ns | Reset='0' Enable='1' | Inputs: Bot1_i='0' Bot2_i='0' Bot3_i='0' movei_i='0' movei_2_i='0' movei_3_i='0' in1='0' ini='0' outi='0' ini_2='0' outi_2='0' ini_3='0' outi_3='0' | Outputs: Bot1='0' Bot2='0' Bot3='0' movei='0' movei_2='0' movei_3='0' in1_o='0' ini_o='0' outi_o='0' ini_2_o='0' outi_2_o='0' ini_3_o='0' outi_3_o='0'
Time: 515 ns  Iteration: 1  Process: /tb_CSR_Lab3_Part4/monitor_proc  File: C:/Users/Renedito/Documents/Faculdade/5 ano/CSR/CSR - Lab3 - Part42/CSR - Lab3 - Part42.srcs/sim_1/new/sim.vhd
Note: T=525ns | Reset='0' Enable='1' | Inputs: Bot1_i='0' Bot2_i='0' Bot3_i='0' movei_i='0' movei_2_i='0' movei_3_i='0' in1='0' ini='0' outi='0' ini_2='0' outi_2='0' ini_3='0' outi_3='0' | Outputs: Bot1='0' Bot2='0' Bot3='0' movei='0' movei_2='0' movei_3='0' in1_o='0' ini_o='0' outi_o='0' ini_2_o='0' outi_2_o='0' ini_3_o='0' outi_3_o='0'
Time: 525 ns  Iteration: 1  Process: /tb_CSR_Lab3_Part4/monitor_proc  File: C:/Users/Renedito/Documents/Faculdade/5 ano/CSR/CSR - Lab3 - Part42/CSR - Lab3 - Part42.srcs/sim_1/new/sim.vhd
Note: T=535ns | Reset='0' Enable='1' | Inputs: Bot1_i='0' Bot2_i='0' Bot3_i='0' movei_i='0' movei_2_i='0' movei_3_i='0' in1='0' ini='0' outi='0' ini_2='0' outi_2='0' ini_3='0' outi_3='0' | Outputs: Bot1='0' Bot2='0' Bot3='0' movei='0' movei_2='0' movei_3='0' in1_o='0' ini_o='0' outi_o='0' ini_2_o='0' outi_2_o='0' ini_3_o='0' outi_3_o='0'
Time: 535 ns  Iteration: 1  Process: /tb_CSR_Lab3_Part4/monitor_proc  File: C:/Users/Renedito/Documents/Faculdade/5 ano/CSR/CSR - Lab3 - Part42/CSR - Lab3 - Part42.srcs/sim_1/new/sim.vhd
Note: T=545ns | Reset='0' Enable='1' | Inputs: Bot1_i='0' Bot2_i='0' Bot3_i='0' movei_i='0' movei_2_i='0' movei_3_i='0' in1='0' ini='0' outi='0' ini_2='0' outi_2='0' ini_3='0' outi_3='0' | Outputs: Bot1='0' Bot2='0' Bot3='0' movei='0' movei_2='0' movei_3='0' in1_o='0' ini_o='0' outi_o='0' ini_2_o='0' outi_2_o='0' ini_3_o='0' outi_3_o='0'
Time: 545 ns  Iteration: 1  Process: /tb_CSR_Lab3_Part4/monitor_proc  File: C:/Users/Renedito/Documents/Faculdade/5 ano/CSR/CSR - Lab3 - Part42/CSR - Lab3 - Part42.srcs/sim_1/new/sim.vhd
Note: T=555ns | Reset='0' Enable='1' | Inputs: Bot1_i='0' Bot2_i='0' Bot3_i='0' movei_i='0' movei_2_i='0' movei_3_i='0' in1='0' ini='0' outi='0' ini_2='0' outi_2='0' ini_3='0' outi_3='0' | Outputs: Bot1='0' Bot2='0' Bot3='0' movei='0' movei_2='0' movei_3='0' in1_o='0' ini_o='0' outi_o='0' ini_2_o='0' outi_2_o='0' ini_3_o='0' outi_3_o='0'
Time: 555 ns  Iteration: 1  Process: /tb_CSR_Lab3_Part4/monitor_proc  File: C:/Users/Renedito/Documents/Faculdade/5 ano/CSR/CSR - Lab3 - Part42/CSR - Lab3 - Part42.srcs/sim_1/new/sim.vhd
Note: T=565ns | Reset='0' Enable='1' | Inputs: Bot1_i='0' Bot2_i='0' Bot3_i='0' movei_i='0' movei_2_i='0' movei_3_i='0' in1='0' ini='0' outi='0' ini_2='0' outi_2='0' ini_3='0' outi_3='0' | Outputs: Bot1='0' Bot2='0' Bot3='0' movei='0' movei_2='0' movei_3='0' in1_o='0' ini_o='0' outi_o='0' ini_2_o='0' outi_2_o='0' ini_3_o='0' outi_3_o='0'
Time: 565 ns  Iteration: 1  Process: /tb_CSR_Lab3_Part4/monitor_proc  File: C:/Users/Renedito/Documents/Faculdade/5 ano/CSR/CSR - Lab3 - Part42/CSR - Lab3 - Part42.srcs/sim_1/new/sim.vhd
Note: T=575ns | Reset='0' Enable='1' | Inputs: Bot1_i='0' Bot2_i='0' Bot3_i='0' movei_i='0' movei_2_i='0' movei_3_i='0' in1='0' ini='0' outi='0' ini_2='0' outi_2='0' ini_3='0' outi_3='0' | Outputs: Bot1='0' Bot2='0' Bot3='0' movei='0' movei_2='0' movei_3='0' in1_o='0' ini_o='0' outi_o='0' ini_2_o='0' outi_2_o='0' ini_3_o='0' outi_3_o='0'
Time: 575 ns  Iteration: 1  Process: /tb_CSR_Lab3_Part4/monitor_proc  File: C:/Users/Renedito/Documents/Faculdade/5 ano/CSR/CSR - Lab3 - Part42/CSR - Lab3 - Part42.srcs/sim_1/new/sim.vhd
Note: T=585ns | Reset='0' Enable='1' | Inputs: Bot1_i='0' Bot2_i='0' Bot3_i='0' movei_i='0' movei_2_i='0' movei_3_i='0' in1='0' ini='0' outi='0' ini_2='0' outi_2='0' ini_3='0' outi_3='0' | Outputs: Bot1='0' Bot2='0' Bot3='0' movei='0' movei_2='0' movei_3='0' in1_o='0' ini_o='0' outi_o='0' ini_2_o='0' outi_2_o='0' ini_3_o='0' outi_3_o='0'
Time: 585 ns  Iteration: 1  Process: /tb_CSR_Lab3_Part4/monitor_proc  File: C:/Users/Renedito/Documents/Faculdade/5 ano/CSR/CSR - Lab3 - Part42/CSR - Lab3 - Part42.srcs/sim_1/new/sim.vhd
Note: T=595ns | Reset='0' Enable='1' | Inputs: Bot1_i='0' Bot2_i='0' Bot3_i='0' movei_i='0' movei_2_i='0' movei_3_i='0' in1='0' ini='0' outi='0' ini_2='0' outi_2='0' ini_3='0' outi_3='0' | Outputs: Bot1='0' Bot2='0' Bot3='0' movei='0' movei_2='0' movei_3='0' in1_o='0' ini_o='0' outi_o='0' ini_2_o='0' outi_2_o='0' ini_3_o='0' outi_3_o='0'
Time: 595 ns  Iteration: 1  Process: /tb_CSR_Lab3_Part4/monitor_proc  File: C:/Users/Renedito/Documents/Faculdade/5 ano/CSR/CSR - Lab3 - Part42/CSR - Lab3 - Part42.srcs/sim_1/new/sim.vhd
Note: T=605ns | Reset='0' Enable='1' | Inputs: Bot1_i='0' Bot2_i='0' Bot3_i='0' movei_i='0' movei_2_i='0' movei_3_i='0' in1='0' ini='0' outi='0' ini_2='0' outi_2='0' ini_3='0' outi_3='0' | Outputs: Bot1='0' Bot2='0' Bot3='0' movei='0' movei_2='0' movei_3='0' in1_o='0' ini_o='0' outi_o='0' ini_2_o='0' outi_2_o='0' ini_3_o='0' outi_3_o='0'
Time: 605 ns  Iteration: 1  Process: /tb_CSR_Lab3_Part4/monitor_proc  File: C:/Users/Renedito/Documents/Faculdade/5 ano/CSR/CSR - Lab3 - Part42/CSR - Lab3 - Part42.srcs/sim_1/new/sim.vhd
Note: T=615ns | Reset='0' Enable='1' | Inputs: Bot1_i='0' Bot2_i='0' Bot3_i='0' movei_i='0' movei_2_i='0' movei_3_i='0' in1='0' ini='0' outi='0' ini_2='0' outi_2='0' ini_3='0' outi_3='0' | Outputs: Bot1='0' Bot2='0' Bot3='0' movei='0' movei_2='0' movei_3='0' in1_o='0' ini_o='0' outi_o='0' ini_2_o='0' outi_2_o='0' ini_3_o='0' outi_3_o='0'
Time: 615 ns  Iteration: 1  Process: /tb_CSR_Lab3_Part4/monitor_proc  File: C:/Users/Renedito/Documents/Faculdade/5 ano/CSR/CSR - Lab3 - Part42/CSR - Lab3 - Part42.srcs/sim_1/new/sim.vhd
Note: T=625ns | Reset='0' Enable='1' | Inputs: Bot1_i='0' Bot2_i='0' Bot3_i='0' movei_i='0' movei_2_i='0' movei_3_i='0' in1='0' ini='0' outi='0' ini_2='0' outi_2='0' ini_3='0' outi_3='0' | Outputs: Bot1='0' Bot2='0' Bot3='0' movei='0' movei_2='0' movei_3='0' in1_o='0' ini_o='0' outi_o='0' ini_2_o='0' outi_2_o='0' ini_3_o='0' outi_3_o='0'
Time: 625 ns  Iteration: 1  Process: /tb_CSR_Lab3_Part4/monitor_proc  File: C:/Users/Renedito/Documents/Faculdade/5 ano/CSR/CSR - Lab3 - Part42/CSR - Lab3 - Part42.srcs/sim_1/new/sim.vhd
Note: T=635ns | Reset='0' Enable='1' | Inputs: Bot1_i='0' Bot2_i='0' Bot3_i='0' movei_i='0' movei_2_i='0' movei_3_i='0' in1='0' ini='0' outi='0' ini_2='0' outi_2='0' ini_3='0' outi_3='0' | Outputs: Bot1='0' Bot2='0' Bot3='0' movei='0' movei_2='0' movei_3='0' in1_o='0' ini_o='0' outi_o='0' ini_2_o='0' outi_2_o='0' ini_3_o='0' outi_3_o='0'
Time: 635 ns  Iteration: 1  Process: /tb_CSR_Lab3_Part4/monitor_proc  File: C:/Users/Renedito/Documents/Faculdade/5 ano/CSR/CSR - Lab3 - Part42/CSR - Lab3 - Part42.srcs/sim_1/new/sim.vhd
Note: T=645ns | Reset='0' Enable='1' | Inputs: Bot1_i='0' Bot2_i='0' Bot3_i='0' movei_i='0' movei_2_i='0' movei_3_i='0' in1='0' ini='0' outi='0' ini_2='0' outi_2='0' ini_3='0' outi_3='0' | Outputs: Bot1='0' Bot2='0' Bot3='0' movei='0' movei_2='0' movei_3='0' in1_o='0' ini_o='0' outi_o='0' ini_2_o='0' outi_2_o='0' ini_3_o='0' outi_3_o='0'
Time: 645 ns  Iteration: 1  Process: /tb_CSR_Lab3_Part4/monitor_proc  File: C:/Users/Renedito/Documents/Faculdade/5 ano/CSR/CSR - Lab3 - Part42/CSR - Lab3 - Part42.srcs/sim_1/new/sim.vhd
Note: T=655ns | Reset='0' Enable='1' | Inputs: Bot1_i='0' Bot2_i='0' Bot3_i='0' movei_i='0' movei_2_i='0' movei_3_i='0' in1='0' ini='0' outi='0' ini_2='0' outi_2='0' ini_3='0' outi_3='0' | Outputs: Bot1='0' Bot2='0' Bot3='0' movei='0' movei_2='0' movei_3='0' in1_o='0' ini_o='0' outi_o='0' ini_2_o='0' outi_2_o='0' ini_3_o='0' outi_3_o='0'
Time: 655 ns  Iteration: 1  Process: /tb_CSR_Lab3_Part4/monitor_proc  File: C:/Users/Renedito/Documents/Faculdade/5 ano/CSR/CSR - Lab3 - Part42/CSR - Lab3 - Part42.srcs/sim_1/new/sim.vhd
Note: T=665ns | Reset='0' Enable='1' | Inputs: Bot1_i='0' Bot2_i='0' Bot3_i='0' movei_i='0' movei_2_i='0' movei_3_i='0' in1='0' ini='0' outi='0' ini_2='0' outi_2='0' ini_3='0' outi_3='0' | Outputs: Bot1='0' Bot2='0' Bot3='0' movei='0' movei_2='0' movei_3='0' in1_o='0' ini_o='0' outi_o='0' ini_2_o='0' outi_2_o='0' ini_3_o='0' outi_3_o='0'
Time: 665 ns  Iteration: 1  Process: /tb_CSR_Lab3_Part4/monitor_proc  File: C:/Users/Renedito/Documents/Faculdade/5 ano/CSR/CSR - Lab3 - Part42/CSR - Lab3 - Part42.srcs/sim_1/new/sim.vhd
Note: T=675ns | Reset='0' Enable='1' | Inputs: Bot1_i='0' Bot2_i='0' Bot3_i='0' movei_i='0' movei_2_i='0' movei_3_i='0' in1='0' ini='0' outi='0' ini_2='0' outi_2='0' ini_3='0' outi_3='0' | Outputs: Bot1='0' Bot2='0' Bot3='0' movei='0' movei_2='0' movei_3='0' in1_o='0' ini_o='0' outi_o='0' ini_2_o='0' outi_2_o='0' ini_3_o='0' outi_3_o='0'
Time: 675 ns  Iteration: 1  Process: /tb_CSR_Lab3_Part4/monitor_proc  File: C:/Users/Renedito/Documents/Faculdade/5 ano/CSR/CSR - Lab3 - Part42/CSR - Lab3 - Part42.srcs/sim_1/new/sim.vhd
Note: T=685ns | Reset='0' Enable='1' | Inputs: Bot1_i='0' Bot2_i='0' Bot3_i='0' movei_i='0' movei_2_i='0' movei_3_i='0' in1='0' ini='0' outi='0' ini_2='0' outi_2='0' ini_3='0' outi_3='0' | Outputs: Bot1='0' Bot2='0' Bot3='0' movei='0' movei_2='0' movei_3='0' in1_o='0' ini_o='0' outi_o='0' ini_2_o='0' outi_2_o='0' ini_3_o='0' outi_3_o='0'
Time: 685 ns  Iteration: 1  Process: /tb_CSR_Lab3_Part4/monitor_proc  File: C:/Users/Renedito/Documents/Faculdade/5 ano/CSR/CSR - Lab3 - Part42/CSR - Lab3 - Part42.srcs/sim_1/new/sim.vhd
Note: T=695ns | Reset='0' Enable='1' | Inputs: Bot1_i='0' Bot2_i='0' Bot3_i='0' movei_i='0' movei_2_i='0' movei_3_i='0' in1='0' ini='0' outi='0' ini_2='0' outi_2='0' ini_3='0' outi_3='0' | Outputs: Bot1='0' Bot2='0' Bot3='0' movei='0' movei_2='0' movei_3='0' in1_o='0' ini_o='0' outi_o='0' ini_2_o='0' outi_2_o='0' ini_3_o='0' outi_3_o='0'
Time: 695 ns  Iteration: 1  Process: /tb_CSR_Lab3_Part4/monitor_proc  File: C:/Users/Renedito/Documents/Faculdade/5 ano/CSR/CSR - Lab3 - Part42/CSR - Lab3 - Part42.srcs/sim_1/new/sim.vhd
Note: T=705ns | Reset='0' Enable='1' | Inputs: Bot1_i='0' Bot2_i='0' Bot3_i='0' movei_i='0' movei_2_i='0' movei_3_i='0' in1='0' ini='0' outi='0' ini_2='0' outi_2='0' ini_3='0' outi_3='0' | Outputs: Bot1='0' Bot2='0' Bot3='0' movei='0' movei_2='0' movei_3='0' in1_o='0' ini_o='0' outi_o='0' ini_2_o='0' outi_2_o='0' ini_3_o='0' outi_3_o='0'
Time: 705 ns  Iteration: 1  Process: /tb_CSR_Lab3_Part4/monitor_proc  File: C:/Users/Renedito/Documents/Faculdade/5 ano/CSR/CSR - Lab3 - Part42/CSR - Lab3 - Part42.srcs/sim_1/new/sim.vhd
Note: T=715ns | Reset='0' Enable='1' | Inputs: Bot1_i='0' Bot2_i='0' Bot3_i='0' movei_i='0' movei_2_i='0' movei_3_i='0' in1='0' ini='0' outi='0' ini_2='0' outi_2='0' ini_3='0' outi_3='0' | Outputs: Bot1='0' Bot2='0' Bot3='0' movei='0' movei_2='0' movei_3='0' in1_o='0' ini_o='0' outi_o='0' ini_2_o='0' outi_2_o='0' ini_3_o='0' outi_3_o='0'
Time: 715 ns  Iteration: 1  Process: /tb_CSR_Lab3_Part4/monitor_proc  File: C:/Users/Renedito/Documents/Faculdade/5 ano/CSR/CSR - Lab3 - Part42/CSR - Lab3 - Part42.srcs/sim_1/new/sim.vhd
Note: T=725ns | Reset='0' Enable='1' | Inputs: Bot1_i='0' Bot2_i='0' Bot3_i='0' movei_i='0' movei_2_i='0' movei_3_i='0' in1='0' ini='0' outi='0' ini_2='0' outi_2='0' ini_3='0' outi_3='0' | Outputs: Bot1='0' Bot2='0' Bot3='0' movei='0' movei_2='0' movei_3='0' in1_o='0' ini_o='0' outi_o='0' ini_2_o='0' outi_2_o='0' ini_3_o='0' outi_3_o='0'
Time: 725 ns  Iteration: 1  Process: /tb_CSR_Lab3_Part4/monitor_proc  File: C:/Users/Renedito/Documents/Faculdade/5 ano/CSR/CSR - Lab3 - Part42/CSR - Lab3 - Part42.srcs/sim_1/new/sim.vhd
Note: T=735ns | Reset='0' Enable='1' | Inputs: Bot1_i='0' Bot2_i='0' Bot3_i='0' movei_i='0' movei_2_i='0' movei_3_i='0' in1='0' ini='0' outi='0' ini_2='0' outi_2='0' ini_3='0' outi_3='0' | Outputs: Bot1='0' Bot2='0' Bot3='0' movei='0' movei_2='0' movei_3='0' in1_o='0' ini_o='0' outi_o='0' ini_2_o='0' outi_2_o='0' ini_3_o='0' outi_3_o='0'
Time: 735 ns  Iteration: 1  Process: /tb_CSR_Lab3_Part4/monitor_proc  File: C:/Users/Renedito/Documents/Faculdade/5 ano/CSR/CSR - Lab3 - Part42/CSR - Lab3 - Part42.srcs/sim_1/new/sim.vhd
Note: T=745ns | Reset='0' Enable='1' | Inputs: Bot1_i='0' Bot2_i='0' Bot3_i='0' movei_i='0' movei_2_i='0' movei_3_i='0' in1='0' ini='0' outi='0' ini_2='0' outi_2='0' ini_3='0' outi_3='0' | Outputs: Bot1='0' Bot2='0' Bot3='0' movei='0' movei_2='0' movei_3='0' in1_o='0' ini_o='0' outi_o='0' ini_2_o='0' outi_2_o='0' ini_3_o='0' outi_3_o='0'
Time: 745 ns  Iteration: 1  Process: /tb_CSR_Lab3_Part4/monitor_proc  File: C:/Users/Renedito/Documents/Faculdade/5 ano/CSR/CSR - Lab3 - Part42/CSR - Lab3 - Part42.srcs/sim_1/new/sim.vhd
Note: T=755ns | Reset='0' Enable='1' | Inputs: Bot1_i='0' Bot2_i='0' Bot3_i='0' movei_i='0' movei_2_i='0' movei_3_i='0' in1='0' ini='0' outi='0' ini_2='0' outi_2='0' ini_3='0' outi_3='0' | Outputs: Bot1='0' Bot2='0' Bot3='0' movei='0' movei_2='0' movei_3='0' in1_o='0' ini_o='0' outi_o='0' ini_2_o='0' outi_2_o='0' ini_3_o='0' outi_3_o='0'
Time: 755 ns  Iteration: 1  Process: /tb_CSR_Lab3_Part4/monitor_proc  File: C:/Users/Renedito/Documents/Faculdade/5 ano/CSR/CSR - Lab3 - Part42/CSR - Lab3 - Part42.srcs/sim_1/new/sim.vhd
Note: T=765ns | Reset='0' Enable='1' | Inputs: Bot1_i='0' Bot2_i='0' Bot3_i='0' movei_i='0' movei_2_i='0' movei_3_i='0' in1='0' ini='0' outi='0' ini_2='0' outi_2='0' ini_3='0' outi_3='0' | Outputs: Bot1='0' Bot2='0' Bot3='0' movei='0' movei_2='0' movei_3='0' in1_o='0' ini_o='0' outi_o='0' ini_2_o='0' outi_2_o='0' ini_3_o='0' outi_3_o='0'
Time: 765 ns  Iteration: 1  Process: /tb_CSR_Lab3_Part4/monitor_proc  File: C:/Users/Renedito/Documents/Faculdade/5 ano/CSR/CSR - Lab3 - Part42/CSR - Lab3 - Part42.srcs/sim_1/new/sim.vhd
Note: T=775ns | Reset='0' Enable='1' | Inputs: Bot1_i='0' Bot2_i='0' Bot3_i='0' movei_i='0' movei_2_i='0' movei_3_i='0' in1='0' ini='0' outi='0' ini_2='0' outi_2='0' ini_3='0' outi_3='0' | Outputs: Bot1='0' Bot2='0' Bot3='0' movei='0' movei_2='0' movei_3='0' in1_o='0' ini_o='0' outi_o='0' ini_2_o='0' outi_2_o='0' ini_3_o='0' outi_3_o='0'
Time: 775 ns  Iteration: 1  Process: /tb_CSR_Lab3_Part4/monitor_proc  File: C:/Users/Renedito/Documents/Faculdade/5 ano/CSR/CSR - Lab3 - Part42/CSR - Lab3 - Part42.srcs/sim_1/new/sim.vhd
Note: T=785ns | Reset='0' Enable='1' | Inputs: Bot1_i='0' Bot2_i='0' Bot3_i='0' movei_i='0' movei_2_i='0' movei_3_i='0' in1='0' ini='0' outi='0' ini_2='0' outi_2='0' ini_3='0' outi_3='0' | Outputs: Bot1='0' Bot2='0' Bot3='0' movei='0' movei_2='0' movei_3='0' in1_o='0' ini_o='0' outi_o='0' ini_2_o='0' outi_2_o='0' ini_3_o='0' outi_3_o='0'
Time: 785 ns  Iteration: 1  Process: /tb_CSR_Lab3_Part4/monitor_proc  File: C:/Users/Renedito/Documents/Faculdade/5 ano/CSR/CSR - Lab3 - Part42/CSR - Lab3 - Part42.srcs/sim_1/new/sim.vhd
Note: T=795ns | Reset='0' Enable='1' | Inputs: Bot1_i='0' Bot2_i='0' Bot3_i='0' movei_i='0' movei_2_i='0' movei_3_i='0' in1='0' ini='0' outi='0' ini_2='0' outi_2='0' ini_3='0' outi_3='0' | Outputs: Bot1='0' Bot2='0' Bot3='0' movei='0' movei_2='0' movei_3='0' in1_o='0' ini_o='0' outi_o='0' ini_2_o='0' outi_2_o='0' ini_3_o='0' outi_3_o='0'
Time: 795 ns  Iteration: 1  Process: /tb_CSR_Lab3_Part4/monitor_proc  File: C:/Users/Renedito/Documents/Faculdade/5 ano/CSR/CSR - Lab3 - Part42/CSR - Lab3 - Part42.srcs/sim_1/new/sim.vhd
Note: T=805ns | Reset='0' Enable='1' | Inputs: Bot1_i='0' Bot2_i='0' Bot3_i='0' movei_i='0' movei_2_i='0' movei_3_i='0' in1='0' ini='0' outi='0' ini_2='0' outi_2='0' ini_3='0' outi_3='0' | Outputs: Bot1='0' Bot2='0' Bot3='0' movei='0' movei_2='0' movei_3='0' in1_o='0' ini_o='0' outi_o='0' ini_2_o='0' outi_2_o='0' ini_3_o='0' outi_3_o='0'
Time: 805 ns  Iteration: 1  Process: /tb_CSR_Lab3_Part4/monitor_proc  File: C:/Users/Renedito/Documents/Faculdade/5 ano/CSR/CSR - Lab3 - Part42/CSR - Lab3 - Part42.srcs/sim_1/new/sim.vhd
Note: T=815ns | Reset='0' Enable='1' | Inputs: Bot1_i='0' Bot2_i='0' Bot3_i='0' movei_i='0' movei_2_i='0' movei_3_i='0' in1='0' ini='0' outi='0' ini_2='0' outi_2='0' ini_3='0' outi_3='0' | Outputs: Bot1='0' Bot2='0' Bot3='0' movei='0' movei_2='0' movei_3='0' in1_o='0' ini_o='0' outi_o='0' ini_2_o='0' outi_2_o='0' ini_3_o='0' outi_3_o='0'
Time: 815 ns  Iteration: 1  Process: /tb_CSR_Lab3_Part4/monitor_proc  File: C:/Users/Renedito/Documents/Faculdade/5 ano/CSR/CSR - Lab3 - Part42/CSR - Lab3 - Part42.srcs/sim_1/new/sim.vhd
Note: T=825ns | Reset='0' Enable='1' | Inputs: Bot1_i='0' Bot2_i='0' Bot3_i='0' movei_i='0' movei_2_i='0' movei_3_i='0' in1='0' ini='0' outi='0' ini_2='0' outi_2='0' ini_3='0' outi_3='0' | Outputs: Bot1='0' Bot2='0' Bot3='0' movei='0' movei_2='0' movei_3='0' in1_o='0' ini_o='0' outi_o='0' ini_2_o='0' outi_2_o='0' ini_3_o='0' outi_3_o='0'
Time: 825 ns  Iteration: 1  Process: /tb_CSR_Lab3_Part4/monitor_proc  File: C:/Users/Renedito/Documents/Faculdade/5 ano/CSR/CSR - Lab3 - Part42/CSR - Lab3 - Part42.srcs/sim_1/new/sim.vhd
Note: T=835ns | Reset='0' Enable='1' | Inputs: Bot1_i='0' Bot2_i='0' Bot3_i='0' movei_i='0' movei_2_i='0' movei_3_i='0' in1='0' ini='0' outi='0' ini_2='0' outi_2='0' ini_3='0' outi_3='0' | Outputs: Bot1='0' Bot2='0' Bot3='0' movei='0' movei_2='0' movei_3='0' in1_o='0' ini_o='0' outi_o='0' ini_2_o='0' outi_2_o='0' ini_3_o='0' outi_3_o='0'
Time: 835 ns  Iteration: 1  Process: /tb_CSR_Lab3_Part4/monitor_proc  File: C:/Users/Renedito/Documents/Faculdade/5 ano/CSR/CSR - Lab3 - Part42/CSR - Lab3 - Part42.srcs/sim_1/new/sim.vhd
Note: T=845ns | Reset='0' Enable='1' | Inputs: Bot1_i='0' Bot2_i='0' Bot3_i='0' movei_i='0' movei_2_i='0' movei_3_i='0' in1='0' ini='0' outi='0' ini_2='0' outi_2='0' ini_3='0' outi_3='0' | Outputs: Bot1='0' Bot2='0' Bot3='0' movei='0' movei_2='0' movei_3='0' in1_o='0' ini_o='0' outi_o='0' ini_2_o='0' outi_2_o='0' ini_3_o='0' outi_3_o='0'
Time: 845 ns  Iteration: 1  Process: /tb_CSR_Lab3_Part4/monitor_proc  File: C:/Users/Renedito/Documents/Faculdade/5 ano/CSR/CSR - Lab3 - Part42/CSR - Lab3 - Part42.srcs/sim_1/new/sim.vhd
Note: T=855ns | Reset='0' Enable='1' | Inputs: Bot1_i='0' Bot2_i='0' Bot3_i='0' movei_i='0' movei_2_i='0' movei_3_i='0' in1='0' ini='0' outi='0' ini_2='0' outi_2='0' ini_3='0' outi_3='0' | Outputs: Bot1='0' Bot2='0' Bot3='0' movei='0' movei_2='0' movei_3='0' in1_o='0' ini_o='0' outi_o='0' ini_2_o='0' outi_2_o='0' ini_3_o='0' outi_3_o='0'
Time: 855 ns  Iteration: 1  Process: /tb_CSR_Lab3_Part4/monitor_proc  File: C:/Users/Renedito/Documents/Faculdade/5 ano/CSR/CSR - Lab3 - Part42/CSR - Lab3 - Part42.srcs/sim_1/new/sim.vhd
Note: T=865ns | Reset='0' Enable='1' | Inputs: Bot1_i='0' Bot2_i='0' Bot3_i='0' movei_i='0' movei_2_i='0' movei_3_i='0' in1='0' ini='0' outi='0' ini_2='0' outi_2='0' ini_3='0' outi_3='0' | Outputs: Bot1='0' Bot2='0' Bot3='0' movei='0' movei_2='0' movei_3='0' in1_o='0' ini_o='0' outi_o='0' ini_2_o='0' outi_2_o='0' ini_3_o='0' outi_3_o='0'
Time: 865 ns  Iteration: 1  Process: /tb_CSR_Lab3_Part4/monitor_proc  File: C:/Users/Renedito/Documents/Faculdade/5 ano/CSR/CSR - Lab3 - Part42/CSR - Lab3 - Part42.srcs/sim_1/new/sim.vhd
Note: T=875ns | Reset='0' Enable='1' | Inputs: Bot1_i='0' Bot2_i='0' Bot3_i='0' movei_i='0' movei_2_i='0' movei_3_i='0' in1='0' ini='0' outi='0' ini_2='0' outi_2='0' ini_3='0' outi_3='0' | Outputs: Bot1='0' Bot2='0' Bot3='0' movei='0' movei_2='0' movei_3='0' in1_o='0' ini_o='0' outi_o='0' ini_2_o='0' outi_2_o='0' ini_3_o='0' outi_3_o='0'
Time: 875 ns  Iteration: 1  Process: /tb_CSR_Lab3_Part4/monitor_proc  File: C:/Users/Renedito/Documents/Faculdade/5 ano/CSR/CSR - Lab3 - Part42/CSR - Lab3 - Part42.srcs/sim_1/new/sim.vhd
Note: T=885ns | Reset='0' Enable='1' | Inputs: Bot1_i='0' Bot2_i='0' Bot3_i='0' movei_i='0' movei_2_i='0' movei_3_i='0' in1='0' ini='0' outi='0' ini_2='0' outi_2='0' ini_3='0' outi_3='0' | Outputs: Bot1='0' Bot2='0' Bot3='0' movei='0' movei_2='0' movei_3='0' in1_o='0' ini_o='0' outi_o='0' ini_2_o='0' outi_2_o='0' ini_3_o='0' outi_3_o='0'
Time: 885 ns  Iteration: 1  Process: /tb_CSR_Lab3_Part4/monitor_proc  File: C:/Users/Renedito/Documents/Faculdade/5 ano/CSR/CSR - Lab3 - Part42/CSR - Lab3 - Part42.srcs/sim_1/new/sim.vhd
Note: T=895ns | Reset='0' Enable='1' | Inputs: Bot1_i='0' Bot2_i='0' Bot3_i='0' movei_i='0' movei_2_i='0' movei_3_i='0' in1='0' ini='0' outi='0' ini_2='0' outi_2='0' ini_3='0' outi_3='0' | Outputs: Bot1='0' Bot2='0' Bot3='0' movei='0' movei_2='0' movei_3='0' in1_o='0' ini_o='0' outi_o='0' ini_2_o='0' outi_2_o='0' ini_3_o='0' outi_3_o='0'
Time: 895 ns  Iteration: 1  Process: /tb_CSR_Lab3_Part4/monitor_proc  File: C:/Users/Renedito/Documents/Faculdade/5 ano/CSR/CSR - Lab3 - Part42/CSR - Lab3 - Part42.srcs/sim_1/new/sim.vhd
Note: T=905ns | Reset='0' Enable='1' | Inputs: Bot1_i='0' Bot2_i='0' Bot3_i='0' movei_i='0' movei_2_i='0' movei_3_i='0' in1='0' ini='0' outi='0' ini_2='0' outi_2='0' ini_3='0' outi_3='0' | Outputs: Bot1='0' Bot2='0' Bot3='0' movei='0' movei_2='0' movei_3='0' in1_o='0' ini_o='0' outi_o='0' ini_2_o='0' outi_2_o='0' ini_3_o='0' outi_3_o='0'
Time: 905 ns  Iteration: 1  Process: /tb_CSR_Lab3_Part4/monitor_proc  File: C:/Users/Renedito/Documents/Faculdade/5 ano/CSR/CSR - Lab3 - Part42/CSR - Lab3 - Part42.srcs/sim_1/new/sim.vhd
Note: T=915ns | Reset='0' Enable='1' | Inputs: Bot1_i='0' Bot2_i='0' Bot3_i='0' movei_i='0' movei_2_i='0' movei_3_i='0' in1='0' ini='0' outi='0' ini_2='0' outi_2='0' ini_3='0' outi_3='0' | Outputs: Bot1='0' Bot2='0' Bot3='0' movei='0' movei_2='0' movei_3='0' in1_o='0' ini_o='0' outi_o='0' ini_2_o='0' outi_2_o='0' ini_3_o='0' outi_3_o='0'
Time: 915 ns  Iteration: 1  Process: /tb_CSR_Lab3_Part4/monitor_proc  File: C:/Users/Renedito/Documents/Faculdade/5 ano/CSR/CSR - Lab3 - Part42/CSR - Lab3 - Part42.srcs/sim_1/new/sim.vhd
Note: T=925ns | Reset='0' Enable='1' | Inputs: Bot1_i='0' Bot2_i='0' Bot3_i='0' movei_i='0' movei_2_i='0' movei_3_i='0' in1='0' ini='0' outi='0' ini_2='0' outi_2='0' ini_3='0' outi_3='0' | Outputs: Bot1='0' Bot2='0' Bot3='0' movei='0' movei_2='0' movei_3='0' in1_o='0' ini_o='0' outi_o='0' ini_2_o='0' outi_2_o='0' ini_3_o='0' outi_3_o='0'
Time: 925 ns  Iteration: 1  Process: /tb_CSR_Lab3_Part4/monitor_proc  File: C:/Users/Renedito/Documents/Faculdade/5 ano/CSR/CSR - Lab3 - Part42/CSR - Lab3 - Part42.srcs/sim_1/new/sim.vhd
Note: T=935ns | Reset='0' Enable='1' | Inputs: Bot1_i='0' Bot2_i='0' Bot3_i='0' movei_i='0' movei_2_i='0' movei_3_i='0' in1='0' ini='0' outi='0' ini_2='0' outi_2='0' ini_3='0' outi_3='0' | Outputs: Bot1='0' Bot2='0' Bot3='0' movei='0' movei_2='0' movei_3='0' in1_o='0' ini_o='0' outi_o='0' ini_2_o='0' outi_2_o='0' ini_3_o='0' outi_3_o='0'
Time: 935 ns  Iteration: 1  Process: /tb_CSR_Lab3_Part4/monitor_proc  File: C:/Users/Renedito/Documents/Faculdade/5 ano/CSR/CSR - Lab3 - Part42/CSR - Lab3 - Part42.srcs/sim_1/new/sim.vhd
Note: T=945ns | Reset='0' Enable='1' | Inputs: Bot1_i='0' Bot2_i='0' Bot3_i='0' movei_i='0' movei_2_i='0' movei_3_i='0' in1='0' ini='0' outi='0' ini_2='0' outi_2='0' ini_3='0' outi_3='0' | Outputs: Bot1='0' Bot2='0' Bot3='0' movei='0' movei_2='0' movei_3='0' in1_o='0' ini_o='0' outi_o='0' ini_2_o='0' outi_2_o='0' ini_3_o='0' outi_3_o='0'
Time: 945 ns  Iteration: 1  Process: /tb_CSR_Lab3_Part4/monitor_proc  File: C:/Users/Renedito/Documents/Faculdade/5 ano/CSR/CSR - Lab3 - Part42/CSR - Lab3 - Part42.srcs/sim_1/new/sim.vhd
Note: T=955ns | Reset='0' Enable='1' | Inputs: Bot1_i='0' Bot2_i='0' Bot3_i='0' movei_i='0' movei_2_i='0' movei_3_i='0' in1='0' ini='0' outi='0' ini_2='0' outi_2='0' ini_3='0' outi_3='0' | Outputs: Bot1='0' Bot2='0' Bot3='0' movei='0' movei_2='0' movei_3='0' in1_o='0' ini_o='0' outi_o='0' ini_2_o='0' outi_2_o='0' ini_3_o='0' outi_3_o='0'
Time: 955 ns  Iteration: 1  Process: /tb_CSR_Lab3_Part4/monitor_proc  File: C:/Users/Renedito/Documents/Faculdade/5 ano/CSR/CSR - Lab3 - Part42/CSR - Lab3 - Part42.srcs/sim_1/new/sim.vhd
Note: T=965ns | Reset='0' Enable='1' | Inputs: Bot1_i='0' Bot2_i='0' Bot3_i='0' movei_i='0' movei_2_i='0' movei_3_i='0' in1='0' ini='0' outi='0' ini_2='0' outi_2='0' ini_3='0' outi_3='0' | Outputs: Bot1='0' Bot2='0' Bot3='0' movei='0' movei_2='0' movei_3='0' in1_o='0' ini_o='0' outi_o='0' ini_2_o='0' outi_2_o='0' ini_3_o='0' outi_3_o='0'
Time: 965 ns  Iteration: 1  Process: /tb_CSR_Lab3_Part4/monitor_proc  File: C:/Users/Renedito/Documents/Faculdade/5 ano/CSR/CSR - Lab3 - Part42/CSR - Lab3 - Part42.srcs/sim_1/new/sim.vhd
Note: T=975ns | Reset='0' Enable='1' | Inputs: Bot1_i='0' Bot2_i='0' Bot3_i='0' movei_i='0' movei_2_i='0' movei_3_i='0' in1='0' ini='0' outi='0' ini_2='0' outi_2='0' ini_3='0' outi_3='0' | Outputs: Bot1='0' Bot2='0' Bot3='0' movei='0' movei_2='0' movei_3='0' in1_o='0' ini_o='0' outi_o='0' ini_2_o='0' outi_2_o='0' ini_3_o='0' outi_3_o='0'
Time: 975 ns  Iteration: 1  Process: /tb_CSR_Lab3_Part4/monitor_proc  File: C:/Users/Renedito/Documents/Faculdade/5 ano/CSR/CSR - Lab3 - Part42/CSR - Lab3 - Part42.srcs/sim_1/new/sim.vhd
Note: T=985ns | Reset='0' Enable='1' | Inputs: Bot1_i='0' Bot2_i='0' Bot3_i='0' movei_i='0' movei_2_i='0' movei_3_i='0' in1='0' ini='0' outi='0' ini_2='0' outi_2='0' ini_3='0' outi_3='0' | Outputs: Bot1='0' Bot2='0' Bot3='0' movei='0' movei_2='0' movei_3='0' in1_o='0' ini_o='0' outi_o='0' ini_2_o='0' outi_2_o='0' ini_3_o='0' outi_3_o='0'
Time: 985 ns  Iteration: 1  Process: /tb_CSR_Lab3_Part4/monitor_proc  File: C:/Users/Renedito/Documents/Faculdade/5 ano/CSR/CSR - Lab3 - Part42/CSR - Lab3 - Part42.srcs/sim_1/new/sim.vhd
Note: T=995ns | Reset='0' Enable='1' | Inputs: Bot1_i='0' Bot2_i='0' Bot3_i='0' movei_i='0' movei_2_i='0' movei_3_i='0' in1='0' ini='0' outi='0' ini_2='0' outi_2='0' ini_3='0' outi_3='0' | Outputs: Bot1='0' Bot2='0' Bot3='0' movei='0' movei_2='0' movei_3='0' in1_o='0' ini_o='0' outi_o='0' ini_2_o='0' outi_2_o='0' ini_3_o='0' outi_3_o='0'
Time: 995 ns  Iteration: 1  Process: /tb_CSR_Lab3_Part4/monitor_proc  File: C:/Users/Renedito/Documents/Faculdade/5 ano/CSR/CSR - Lab3 - Part42/CSR - Lab3 - Part42.srcs/sim_1/new/sim.vhd
